This file contains any messages produced by compilers while
running configure, to aid debugging if configure makes a mistake.

It was created by gtk+ configure 3.18.9, which was
generated by GNU Autoconf 2.69.  Invocation command line was

  $ ./configure --prefix /opt/gtk

## --------- ##
## Platform. ##
## --------- ##

hostname = nodejs-1-vm
uname -m = x86_64
uname -r = 4.9.0-4-amd64
uname -s = Linux
uname -v = #1 SMP Debian 4.9.51-1 (2017-09-28)

/usr/bin/uname -p = unknown
/bin/uname -X     = unknown

/bin/arch              = unknown
/usr/bin/arch -k       = unknown
/usr/convex/getsysinfo = unknown
/usr/bin/hostinfo      = unknown
/bin/machine           = unknown
/usr/bin/oslevel       = unknown
/bin/universe          = unknown

PATH: /usr/local/sbin
PATH: /usr/local/bin
PATH: /usr/sbin
PATH: /usr/bin
PATH: /sbin
PATH: /bin


## ----------- ##
## Core tests. ##
## ----------- ##

configure:2965: checking build system type
configure:2979: result: x86_64-unknown-linux-gnu
configure:2999: checking host system type
configure:3012: result: x86_64-unknown-linux-gnu
configure:3094: checking for a BSD-compatible install
configure:3162: result: /usr/bin/install -c
configure:3173: checking whether build environment is sane
configure:3228: result: yes
configure:3379: checking for a thread-safe mkdir -p
configure:3418: result: /bin/mkdir -p
configure:3425: checking for gawk
configure:3455: result: no
configure:3425: checking for mawk
configure:3441: found /usr/bin/mawk
configure:3452: result: mawk
configure:3463: checking whether make sets $(MAKE)
configure:3485: result: yes
configure:3514: checking whether make supports nested variables
configure:3531: result: yes
configure:3611: checking whether UID '0' is supported by ustar format
configure:3614: result: yes
configure:3621: checking whether GID '0' is supported by ustar format
configure:3624: result: yes
configure:3632: checking how to create a ustar tar archive
configure:3643: tar --version
tar (GNU tar) 1.29
Copyright (C) 2015 Free Software Foundation, Inc.
License GPLv3+: GNU GPL version 3 or later <http://gnu.org/licenses/gpl.html>.
This is free software: you are free to change and redistribute it.
There is NO WARRANTY, to the extent permitted by law.

Written by John Gilmore and Jay Fenlason.
configure:3646: $? = 0
configure:3686: tardir=conftest.dir && eval tar --format=ustar -chf - "$tardir" >conftest.tar
configure:3689: $? = 0
configure:3693: tar -xf - <conftest.tar
configure:3696: $? = 0
configure:3698: cat conftest.dir/file
GrepMe
configure:3701: $? = 0
configure:3714: result: gnutar
configure:3765: checking whether to enable maintainer-specific portions of Makefiles
configure:3774: result: yes
configure:3802: checking whether make supports nested variables
configure:3819: result: yes
configure:3946: checking for gcc
configure:3962: found /usr/bin/gcc
configure:3973: result: gcc
configure:4202: checking for C compiler version
configure:4211: gcc --version >&5
gcc (Debian 6.3.0-18) 6.3.0 20170516
Copyright (C) 2016 Free Software Foundation, Inc.
This is free software; see the source for copying conditions.  There is NO
warranty; not even for MERCHANTABILITY or FITNESS FOR A PARTICULAR PURPOSE.

configure:4222: $? = 0
configure:4211: gcc -v >&5
Using built-in specs.
COLLECT_GCC=gcc
COLLECT_LTO_WRAPPER=/usr/lib/gcc/x86_64-linux-gnu/6/lto-wrapper
Target: x86_64-linux-gnu
Configured with: ../src/configure -v --with-pkgversion='Debian 6.3.0-18' --with-bugurl=file:///usr/share/doc/gcc-6/README.Bugs --enable-languages=c,ada,c++,java,go,d,fortran,objc,obj-c++ --prefix=/usr --program-suffix=-6 --program-prefix=x86_64-linux-gnu- --enable-shared --enable-linker-build-id --libexecdir=/usr/lib --without-included-gettext --enable-threads=posix --libdir=/usr/lib --enable-nls --with-sysroot=/ --enable-clocale=gnu --enable-libstdcxx-debug --enable-libstdcxx-time=yes --with-default-libstdcxx-abi=new --enable-gnu-unique-object --disable-vtable-verify --enable-libmpx --enable-plugin --enable-default-pie --with-system-zlib --disable-browser-plugin --enable-java-awt=gtk --enable-gtk-cairo --with-java-home=/usr/lib/jvm/java-1.5.0-gcj-6-amd64/jre --enable-java-home --with-jvm-root-dir=/usr/lib/jvm/java-1.5.0-gcj-6-amd64 --with-jvm-jar-dir=/usr/lib/jvm-exports/java-1.5.0-gcj-6-amd64 --with-arch-directory=amd64 --with-ecj-jar=/usr/share/java/eclipse-ecj.jar --with-target-system-zlib --enable-objc-gc=auto --enable-multiarch --with-arch-32=i686 --with-abi=m64 --with-multilib-list=m32,m64,mx32 --enable-multilib --with-tune=generic --enable-checking=release --build=x86_64-linux-gnu --host=x86_64-linux-gnu --target=x86_64-linux-gnu
Thread model: posix
gcc version 6.3.0 20170516 (Debian 6.3.0-18) 
configure:4222: $? = 0
configure:4211: gcc -V >&5
gcc: error: unrecognized command line option '-V'
gcc: fatal error: no input files
compilation terminated.
configure:4222: $? = 1
configure:4211: gcc -qversion >&5
gcc: error: unrecognized command line option '-qversion'; did you mean '--version'?
gcc: fatal error: no input files
compilation terminated.
configure:4222: $? = 1
configure:4242: checking whether the C compiler works
configure:4264: gcc    conftest.c  >&5
configure:4268: $? = 0
configure:4316: result: yes
configure:4319: checking for C compiler default output file name
configure:4321: result: a.out
configure:4327: checking for suffix of executables
configure:4334: gcc -o conftest    conftest.c  >&5
configure:4338: $? = 0
configure:4360: result: 
configure:4382: checking whether we are cross compiling
configure:4390: gcc -o conftest    conftest.c  >&5
configure:4394: $? = 0
configure:4401: ./conftest
configure:4405: $? = 0
configure:4420: result: no
configure:4425: checking for suffix of object files
configure:4447: gcc -c   conftest.c >&5
configure:4451: $? = 0
configure:4472: result: o
configure:4476: checking whether we are using the GNU C compiler
configure:4495: gcc -c   conftest.c >&5
configure:4495: $? = 0
configure:4504: result: yes
configure:4513: checking whether gcc accepts -g
configure:4533: gcc -c -g  conftest.c >&5
configure:4533: $? = 0
configure:4574: result: yes
configure:4591: checking for gcc option to accept ISO C89
configure:4654: gcc  -c -g -O2  conftest.c >&5
configure:4654: $? = 0
configure:4667: result: none needed
configure:4692: checking whether gcc understands -c and -o together
configure:4714: gcc -c conftest.c -o conftest2.o
configure:4717: $? = 0
configure:4714: gcc -c conftest.c -o conftest2.o
configure:4717: $? = 0
configure:4729: result: yes
configure:4757: checking for style of include used by make
configure:4785: result: GNU
configure:4811: checking dependency style of gcc
configure:4922: result: gcc3
configure:4942: checking how to run the C preprocessor
configure:4973: gcc -E  conftest.c
configure:4973: $? = 0
configure:4987: gcc -E  conftest.c
conftest.c:9:28: fatal error: ac_nonexistent.h: No such file or directory
 #include <ac_nonexistent.h>
                            ^
compilation terminated.
configure:4987: $? = 1
configure: failed program was:
| /* confdefs.h */
| #define PACKAGE_NAME "gtk+"
| #define PACKAGE_TARNAME "gtk+"
| #define PACKAGE_VERSION "3.18.9"
| #define PACKAGE_STRING "gtk+ 3.18.9"
| #define PACKAGE_BUGREPORT "http://bugzilla.gnome.org/enter_bug.cgi?product=gtk%2B"
| #define PACKAGE_URL ""
| /* end confdefs.h.  */
| #include <ac_nonexistent.h>
configure:5012: result: gcc -E
configure:5032: gcc -E  conftest.c
configure:5032: $? = 0
configure:5046: gcc -E  conftest.c
conftest.c:9:28: fatal error: ac_nonexistent.h: No such file or directory
 #include <ac_nonexistent.h>
                            ^
compilation terminated.
configure:5046: $? = 1
configure: failed program was:
| /* confdefs.h */
| #define PACKAGE_NAME "gtk+"
| #define PACKAGE_TARNAME "gtk+"
| #define PACKAGE_VERSION "3.18.9"
| #define PACKAGE_STRING "gtk+ 3.18.9"
| #define PACKAGE_BUGREPORT "http://bugzilla.gnome.org/enter_bug.cgi?product=gtk%2B"
| #define PACKAGE_URL ""
| /* end confdefs.h.  */
| #include <ac_nonexistent.h>
configure:5130: checking for gcc
configure:5146: found /usr/bin/gcc
configure:5157: result: gcc
configure:5386: checking for C compiler version
configure:5395: gcc --version >&5
gcc (Debian 6.3.0-18) 6.3.0 20170516
Copyright (C) 2016 Free Software Foundation, Inc.
This is free software; see the source for copying conditions.  There is NO
warranty; not even for MERCHANTABILITY or FITNESS FOR A PARTICULAR PURPOSE.

configure:5406: $? = 0
configure:5395: gcc -v >&5
Using built-in specs.
COLLECT_GCC=gcc
COLLECT_LTO_WRAPPER=/usr/lib/gcc/x86_64-linux-gnu/6/lto-wrapper
Target: x86_64-linux-gnu
Configured with: ../src/configure -v --with-pkgversion='Debian 6.3.0-18' --with-bugurl=file:///usr/share/doc/gcc-6/README.Bugs --enable-languages=c,ada,c++,java,go,d,fortran,objc,obj-c++ --prefix=/usr --program-suffix=-6 --program-prefix=x86_64-linux-gnu- --enable-shared --enable-linker-build-id --libexecdir=/usr/lib --without-included-gettext --enable-threads=posix --libdir=/usr/lib --enable-nls --with-sysroot=/ --enable-clocale=gnu --enable-libstdcxx-debug --enable-libstdcxx-time=yes --with-default-libstdcxx-abi=new --enable-gnu-unique-object --disable-vtable-verify --enable-libmpx --enable-plugin --enable-default-pie --with-system-zlib --disable-browser-plugin --enable-java-awt=gtk --enable-gtk-cairo --with-java-home=/usr/lib/jvm/java-1.5.0-gcj-6-amd64/jre --enable-java-home --with-jvm-root-dir=/usr/lib/jvm/java-1.5.0-gcj-6-amd64 --with-jvm-jar-dir=/usr/lib/jvm-exports/java-1.5.0-gcj-6-amd64 --with-arch-directory=amd64 --with-ecj-jar=/usr/share/java/eclipse-ecj.jar --with-target-system-zlib --enable-objc-gc=auto --enable-multiarch --with-arch-32=i686 --with-abi=m64 --with-multilib-list=m32,m64,mx32 --enable-multilib --with-tune=generic --enable-checking=release --build=x86_64-linux-gnu --host=x86_64-linux-gnu --target=x86_64-linux-gnu
Thread model: posix
gcc version 6.3.0 20170516 (Debian 6.3.0-18) 
configure:5406: $? = 0
configure:5395: gcc -V >&5
gcc: error: unrecognized command line option '-V'
gcc: fatal error: no input files
compilation terminated.
configure:5406: $? = 1
configure:5395: gcc -qversion >&5
gcc: error: unrecognized command line option '-qversion'; did you mean '--version'?
gcc: fatal error: no input files
compilation terminated.
configure:5406: $? = 1
configure:5410: checking whether we are using the GNU C compiler
configure:5438: result: yes
configure:5447: checking whether gcc accepts -g
configure:5467: gcc -c -g -O2  conftest.c >&5
configure:5467: $? = 0
configure:5508: result: yes
configure:5525: checking for gcc option to accept ISO C89
configure:5601: result: none needed
configure:5626: checking whether gcc understands -c and -o together
configure:5663: result: yes
configure:5682: checking dependency style of gcc
configure:5793: result: gcc3
configure:5813: checking how to run the C preprocessor
configure:5844: gcc -E  conftest.c
configure:5844: $? = 0
configure:5858: gcc -E  conftest.c
conftest.c:9:28: fatal error: ac_nonexistent.h: No such file or directory
 #include <ac_nonexistent.h>
                            ^
compilation terminated.
configure:5858: $? = 1
configure: failed program was:
| /* confdefs.h */
| #define PACKAGE_NAME "gtk+"
| #define PACKAGE_TARNAME "gtk+"
| #define PACKAGE_VERSION "3.18.9"
| #define PACKAGE_STRING "gtk+ 3.18.9"
| #define PACKAGE_BUGREPORT "http://bugzilla.gnome.org/enter_bug.cgi?product=gtk%2B"
| #define PACKAGE_URL ""
| /* end confdefs.h.  */
| #include <ac_nonexistent.h>
configure:5883: result: gcc -E
configure:5903: gcc -E  conftest.c
configure:5903: $? = 0
configure:5917: gcc -E  conftest.c
conftest.c:9:28: fatal error: ac_nonexistent.h: No such file or directory
 #include <ac_nonexistent.h>
                            ^
compilation terminated.
configure:5917: $? = 1
configure: failed program was:
| /* confdefs.h */
| #define PACKAGE_NAME "gtk+"
| #define PACKAGE_TARNAME "gtk+"
| #define PACKAGE_VERSION "3.18.9"
| #define PACKAGE_STRING "gtk+ 3.18.9"
| #define PACKAGE_BUGREPORT "http://bugzilla.gnome.org/enter_bug.cgi?product=gtk%2B"
| #define PACKAGE_URL ""
| /* end confdefs.h.  */
| #include <ac_nonexistent.h>
configure:5955: checking whether gcc and cc understand -c and -o together
configure:5986: gcc -c conftest.c -o conftest2.o >&5
configure:5990: $? = 0
configure:5996: gcc -c conftest.c -o conftest2.o >&5
configure:6000: $? = 0
configure:6011: cc -c conftest.c >&5
configure:6015: $? = 0
configure:6023: cc -c conftest.c -o conftest2.o >&5
configure:6027: $? = 0
configure:6033: cc -c conftest.c -o conftest2.o >&5
configure:6037: $? = 0
configure:6055: result: yes
configure:6067: checking whether make sets $(MAKE)
configure:6089: result: yes
configure:6108: checking for native Win32
configure:6130: result: no
configure:6149: checking for grep that handles long lines and -e
configure:6207: result: /bin/grep
configure:6212: checking for egrep
configure:6274: result: /bin/grep -E
configure:6279: checking for ANSI C header files
configure:6299: gcc -c -g -O2  conftest.c >&5
configure:6299: $? = 0
configure:6372: gcc -o conftest -g -O2   conftest.c  >&5
configure:6372: $? = 0
configure:6372: ./conftest
configure:6372: $? = 0
configure:6383: result: yes
configure:6396: checking for sys/types.h
configure:6396: gcc -c -g -O2  conftest.c >&5
configure:6396: $? = 0
configure:6396: result: yes
configure:6396: checking for sys/stat.h
configure:6396: gcc -c -g -O2  conftest.c >&5
configure:6396: $? = 0
configure:6396: result: yes
configure:6396: checking for stdlib.h
configure:6396: gcc -c -g -O2  conftest.c >&5
configure:6396: $? = 0
configure:6396: result: yes
configure:6396: checking for string.h
configure:6396: gcc -c -g -O2  conftest.c >&5
configure:6396: $? = 0
configure:6396: result: yes
configure:6396: checking for memory.h
configure:6396: gcc -c -g -O2  conftest.c >&5
configure:6396: $? = 0
configure:6396: result: yes
configure:6396: checking for strings.h
configure:6396: gcc -c -g -O2  conftest.c >&5
configure:6396: $? = 0
configure:6396: result: yes
configure:6396: checking for inttypes.h
configure:6396: gcc -c -g -O2  conftest.c >&5
configure:6396: $? = 0
configure:6396: result: yes
configure:6396: checking for stdint.h
configure:6396: gcc -c -g -O2  conftest.c >&5
configure:6396: $? = 0
configure:6396: result: yes
configure:6396: checking for unistd.h
configure:6396: gcc -c -g -O2  conftest.c >&5
configure:6396: $? = 0
configure:6396: result: yes
configure:6409: checking minix/config.h usability
configure:6409: gcc -c -g -O2  conftest.c >&5
conftest.c:53:26: fatal error: minix/config.h: No such file or directory
 #include <minix/config.h>
                          ^
compilation terminated.
configure:6409: $? = 1
configure: failed program was:
| /* confdefs.h */
| #define PACKAGE_NAME "gtk+"
| #define PACKAGE_TARNAME "gtk+"
| #define PACKAGE_VERSION "3.18.9"
| #define PACKAGE_STRING "gtk+ 3.18.9"
| #define PACKAGE_BUGREPORT "http://bugzilla.gnome.org/enter_bug.cgi?product=gtk%2B"
| #define PACKAGE_URL ""
| #define GETTEXT_PACKAGE "gtk30"
| #define STDC_HEADERS 1
| #define HAVE_SYS_TYPES_H 1
| #define HAVE_SYS_STAT_H 1
| #define HAVE_STDLIB_H 1
| #define HAVE_STRING_H 1
| #define HAVE_MEMORY_H 1
| #define HAVE_STRINGS_H 1
| #define HAVE_INTTYPES_H 1
| #define HAVE_STDINT_H 1
| #define HAVE_UNISTD_H 1
| /* end confdefs.h.  */
| #include <stdio.h>
| #ifdef HAVE_SYS_TYPES_H
| # include <sys/types.h>
| #endif
| #ifdef HAVE_SYS_STAT_H
| # include <sys/stat.h>
| #endif
| #ifdef STDC_HEADERS
| # include <stdlib.h>
| # include <stddef.h>
| #else
| # ifdef HAVE_STDLIB_H
| #  include <stdlib.h>
| # endif
| #endif
| #ifdef HAVE_STRING_H
| # if !defined STDC_HEADERS && defined HAVE_MEMORY_H
| #  include <memory.h>
| # endif
| # include <string.h>
| #endif
| #ifdef HAVE_STRINGS_H
| # include <strings.h>
| #endif
| #ifdef HAVE_INTTYPES_H
| # include <inttypes.h>
| #endif
| #ifdef HAVE_STDINT_H
| # include <stdint.h>
| #endif
| #ifdef HAVE_UNISTD_H
| # include <unistd.h>
| #endif
| #include <minix/config.h>
configure:6409: result: no
configure:6409: checking minix/config.h presence
configure:6409: gcc -E  conftest.c
conftest.c:20:26: fatal error: minix/config.h: No such file or directory
 #include <minix/config.h>
                          ^
compilation terminated.
configure:6409: $? = 1
configure: failed program was:
| /* confdefs.h */
| #define PACKAGE_NAME "gtk+"
| #define PACKAGE_TARNAME "gtk+"
| #define PACKAGE_VERSION "3.18.9"
| #define PACKAGE_STRING "gtk+ 3.18.9"
| #define PACKAGE_BUGREPORT "http://bugzilla.gnome.org/enter_bug.cgi?product=gtk%2B"
| #define PACKAGE_URL ""
| #define GETTEXT_PACKAGE "gtk30"
| #define STDC_HEADERS 1
| #define HAVE_SYS_TYPES_H 1
| #define HAVE_SYS_STAT_H 1
| #define HAVE_STDLIB_H 1
| #define HAVE_STRING_H 1
| #define HAVE_MEMORY_H 1
| #define HAVE_STRINGS_H 1
| #define HAVE_INTTYPES_H 1
| #define HAVE_STDINT_H 1
| #define HAVE_UNISTD_H 1
| /* end confdefs.h.  */
| #include <minix/config.h>
configure:6409: result: no
configure:6409: checking for minix/config.h
configure:6409: result: no
configure:6430: checking whether it is safe to define __EXTENSIONS__
configure:6448: gcc -c -g -O2  conftest.c >&5
configure:6448: $? = 0
configure:6455: result: yes
configure:6519: checking for c++
configure:6535: found /usr/bin/c++
configure:6546: result: c++
configure:6689: checking for C++ compiler version
configure:6698: c++ --version >&5
c++ (Debian 6.3.0-18) 6.3.0 20170516
Copyright (C) 2016 Free Software Foundation, Inc.
This is free software; see the source for copying conditions.  There is NO
warranty; not even for MERCHANTABILITY or FITNESS FOR A PARTICULAR PURPOSE.

configure:6709: $? = 0
configure:6698: c++ -v >&5
Using built-in specs.
COLLECT_GCC=c++
COLLECT_LTO_WRAPPER=/usr/lib/gcc/x86_64-linux-gnu/6/lto-wrapper
Target: x86_64-linux-gnu
Configured with: ../src/configure -v --with-pkgversion='Debian 6.3.0-18' --with-bugurl=file:///usr/share/doc/gcc-6/README.Bugs --enable-languages=c,ada,c++,java,go,d,fortran,objc,obj-c++ --prefix=/usr --program-suffix=-6 --program-prefix=x86_64-linux-gnu- --enable-shared --enable-linker-build-id --libexecdir=/usr/lib --without-included-gettext --enable-threads=posix --libdir=/usr/lib --enable-nls --with-sysroot=/ --enable-clocale=gnu --enable-libstdcxx-debug --enable-libstdcxx-time=yes --with-default-libstdcxx-abi=new --enable-gnu-unique-object --disable-vtable-verify --enable-libmpx --enable-plugin --enable-default-pie --with-system-zlib --disable-browser-plugin --enable-java-awt=gtk --enable-gtk-cairo --with-java-home=/usr/lib/jvm/java-1.5.0-gcj-6-amd64/jre --enable-java-home --with-jvm-root-dir=/usr/lib/jvm/java-1.5.0-gcj-6-amd64 --with-jvm-jar-dir=/usr/lib/jvm-exports/java-1.5.0-gcj-6-amd64 --with-arch-directory=amd64 --with-ecj-jar=/usr/share/java/eclipse-ecj.jar --with-target-system-zlib --enable-objc-gc=auto --enable-multiarch --with-arch-32=i686 --with-abi=m64 --with-multilib-list=m32,m64,mx32 --enable-multilib --with-tune=generic --enable-checking=release --build=x86_64-linux-gnu --host=x86_64-linux-gnu --target=x86_64-linux-gnu
Thread model: posix
gcc version 6.3.0 20170516 (Debian 6.3.0-18) 
configure:6709: $? = 0
configure:6698: c++ -V >&5
c++: error: unrecognized command line option '-V'
c++: fatal error: no input files
compilation terminated.
configure:6709: $? = 1
configure:6698: c++ -qversion >&5
c++: error: unrecognized command line option '-qversion'; did you mean '--version'?
c++: fatal error: no input files
compilation terminated.
configure:6709: $? = 1
configure:6713: checking whether we are using the GNU C++ compiler
configure:6732: c++ -c   conftest.cpp >&5
configure:6732: $? = 0
configure:6741: result: yes
configure:6750: checking whether c++ accepts -g
configure:6770: c++ -c -g  conftest.cpp >&5
configure:6770: $? = 0
configure:6811: result: yes
configure:6836: checking dependency style of c++
configure:6947: result: gcc3
configure:6974: c++ -c -g -O2  conftest.cpp >&5
configure:6974: $? = 0
configure:7002: c++ -c -g -O2 -x objective-c++  conftest.cpp >&5
c++: error trying to exec 'cc1objplus': execvp: No such file or directory
configure:7002: $? = 1
configure: failed program was:
| /* confdefs.h */
| #define PACKAGE_NAME "gtk+"
| #define PACKAGE_TARNAME "gtk+"
| #define PACKAGE_VERSION "3.18.9"
| #define PACKAGE_STRING "gtk+ 3.18.9"
| #define PACKAGE_BUGREPORT "http://bugzilla.gnome.org/enter_bug.cgi?product=gtk%2B"
| #define PACKAGE_URL ""
| #define GETTEXT_PACKAGE "gtk30"
| #define STDC_HEADERS 1
| #define HAVE_SYS_TYPES_H 1
| #define HAVE_SYS_STAT_H 1
| #define HAVE_STDLIB_H 1
| #define HAVE_STRING_H 1
| #define HAVE_MEMORY_H 1
| #define HAVE_STRINGS_H 1
| #define HAVE_INTTYPES_H 1
| #define HAVE_STDINT_H 1
| #define HAVE_UNISTD_H 1
| #define __EXTENSIONS__ 1
| #define _ALL_SOURCE 1
| #define _GNU_SOURCE 1
| #define _POSIX_PTHREAD_SEMANTICS 1
| #define _TANDEM_SOURCE 1
| /* end confdefs.h.  */
| @interface Foo @end
| int
| main ()
| {
| 
|   ;
|   return 0;
| }
configure:7084: checking how to print strings
configure:7111: result: printf
configure:7132: checking for a sed that does not truncate output
configure:7196: result: /bin/sed
configure:7214: checking for fgrep
configure:7276: result: /bin/grep -F
configure:7311: checking for ld used by gcc
configure:7378: result: /usr/bin/ld
configure:7385: checking if the linker (/usr/bin/ld) is GNU ld
configure:7400: result: yes
configure:7412: checking for BSD- or MS-compatible name lister (nm)
configure:7466: result: /usr/bin/nm -B
configure:7596: checking the name lister (/usr/bin/nm -B) interface
configure:7603: gcc -c -g -O2  conftest.c >&5
configure:7606: /usr/bin/nm -B "conftest.o"
configure:7609: output
0000000000000000 B some_variable
configure:7616: result: BSD nm
configure:7619: checking whether ln -s works
configure:7623: result: yes
configure:7631: checking the maximum length of command line arguments
configure:7762: result: 1572864
configure:7810: checking how to convert x86_64-unknown-linux-gnu file names to x86_64-unknown-linux-gnu format
configure:7850: result: func_convert_file_noop
configure:7857: checking how to convert x86_64-unknown-linux-gnu file names to toolchain format
configure:7877: result: func_convert_file_noop
configure:7884: checking for /usr/bin/ld option to reload object files
configure:7891: result: -r
configure:7965: checking for objdump
configure:7981: found /usr/bin/objdump
configure:7992: result: objdump
configure:8021: checking how to recognize dependent libraries
configure:8221: result: pass_all
configure:8306: checking for dlltool
configure:8336: result: no
configure:8363: checking how to associate runtime and link libraries
configure:8390: result: printf %s\n
configure:8450: checking for ar
configure:8466: found /usr/bin/ar
configure:8477: result: ar
configure:8514: checking for archiver @FILE support
configure:8531: gcc -c -g -O2  conftest.c >&5
configure:8531: $? = 0
configure:8534: ar cru libconftest.a @conftest.lst >&5
ar: `u' modifier ignored since `D' is the default (see `U')
configure:8537: $? = 0
configure:8542: ar cru libconftest.a @conftest.lst >&5
ar: `u' modifier ignored since `D' is the default (see `U')
ar: conftest.o: No such file or directory
configure:8545: $? = 1
configure:8557: result: @
configure:8615: checking for strip
configure:8631: found /usr/bin/strip
configure:8642: result: strip
configure:8714: checking for ranlib
configure:8730: found /usr/bin/ranlib
configure:8741: result: ranlib
configure:8843: checking command to parse /usr/bin/nm -B output from gcc object
configure:8996: gcc -c -g -O2  conftest.c >&5
configure:8999: $? = 0
configure:9003: /usr/bin/nm -B conftest.o \| sed -n -e 's/^.*[ ]\([ABCDGIRSTW][ABCDGIRSTW]*\)[ ][ ]*\([_A-Za-z][_A-Za-z0-9]*\)$/\1 \2 \2/p' | sed '/ __gnu_lto/d' \> conftest.nm
configure:9006: $? = 0
configure:9072: gcc -o conftest -g -O2   conftest.c conftstm.o >&5
configure:9075: $? = 0
configure:9113: result: ok
configure:9160: checking for sysroot
configure:9190: result: no
configure:9197: checking for a working dd
configure:9235: result: /bin/dd
configure:9239: checking how to truncate binary pipes
configure:9254: result: /bin/dd bs=4096 count=1
configure:9390: gcc -c -g -O2  conftest.c >&5
configure:9393: $? = 0
configure:9583: checking for mt
configure:9599: found /bin/mt
configure:9610: result: mt
configure:9633: checking if mt is a manifest tool
configure:9639: mt '-?'
configure:9647: result: no
configure:10321: checking for dlfcn.h
configure:10321: gcc -c -g -O2  conftest.c >&5
configure:10321: $? = 0
configure:10321: result: yes
configure:10884: checking for objdir
configure:10899: result: .libs
configure:11163: checking if gcc supports -fno-rtti -fno-exceptions
configure:11181: gcc -c -g -O2  -fno-rtti -fno-exceptions conftest.c >&5
cc1: warning: command line option '-fno-rtti' is valid for C++/ObjC++ but not for C
configure:11185: $? = 0
configure:11198: result: no
configure:11556: checking for gcc option to produce PIC
configure:11563: result: -fPIC -DPIC
configure:11571: checking if gcc PIC flag -fPIC -DPIC works
configure:11589: gcc -c -g -O2  -fPIC -DPIC -DPIC conftest.c >&5
configure:11593: $? = 0
configure:11606: result: yes
configure:11635: checking if gcc static flag -static works
configure:11663: result: yes
configure:11678: checking if gcc supports -c -o file.o
configure:11699: gcc -c -g -O2  -o out/conftest2.o conftest.c >&5
configure:11703: $? = 0
configure:11725: result: yes
configure:11733: checking if gcc supports -c -o file.o
configure:11780: result: yes
configure:11813: checking whether the gcc linker (/usr/bin/ld -m elf_x86_64) supports shared libraries
configure:13072: result: yes
configure:13109: checking whether -lc should be explicitly linked in
configure:13117: gcc -c -g -O2  conftest.c >&5
configure:13120: $? = 0
configure:13135: gcc -shared  -fPIC -DPIC conftest.o  -v -Wl,-soname -Wl,conftest -o conftest 2\>\&1 \| /bin/grep  -lc  \>/dev/null 2\>\&1
configure:13138: $? = 0
configure:13152: result: no
configure:13312: checking dynamic linker characteristics
configure:13893: gcc -o conftest -g -O2   -Wl,-rpath -Wl,/foo conftest.c  >&5
configure:13893: $? = 0
configure:14133: result: GNU/Linux ld.so
configure:14255: checking how to hardcode library paths into programs
configure:14280: result: immediate
configure:14828: checking whether stripping libraries is possible
configure:14833: result: yes
configure:14868: checking if libtool supports shared libraries
configure:14870: result: yes
configure:14873: checking whether to build shared libraries
configure:14898: result: yes
configure:14901: checking whether to build static libraries
configure:14905: result: no
configure:14928: checking how to run the C++ preprocessor
configure:14955: c++ -E  conftest.cpp
configure:14955: $? = 0
configure:14969: c++ -E  conftest.cpp
conftest.cpp:27:28: fatal error: ac_nonexistent.h: No such file or directory
 #include <ac_nonexistent.h>
                            ^
compilation terminated.
configure:14969: $? = 1
configure: failed program was:
| /* confdefs.h */
| #define PACKAGE_NAME "gtk+"
| #define PACKAGE_TARNAME "gtk+"
| #define PACKAGE_VERSION "3.18.9"
| #define PACKAGE_STRING "gtk+ 3.18.9"
| #define PACKAGE_BUGREPORT "http://bugzilla.gnome.org/enter_bug.cgi?product=gtk%2B"
| #define PACKAGE_URL ""
| #define GETTEXT_PACKAGE "gtk30"
| #define STDC_HEADERS 1
| #define HAVE_SYS_TYPES_H 1
| #define HAVE_SYS_STAT_H 1
| #define HAVE_STDLIB_H 1
| #define HAVE_STRING_H 1
| #define HAVE_MEMORY_H 1
| #define HAVE_STRINGS_H 1
| #define HAVE_INTTYPES_H 1
| #define HAVE_STDINT_H 1
| #define HAVE_UNISTD_H 1
| #define __EXTENSIONS__ 1
| #define _ALL_SOURCE 1
| #define _GNU_SOURCE 1
| #define _POSIX_PTHREAD_SEMANTICS 1
| #define _TANDEM_SOURCE 1
| #define HAVE_DLFCN_H 1
| #define LT_OBJDIR ".libs/"
| /* end confdefs.h.  */
| #include <ac_nonexistent.h>
configure:14994: result: c++ -E
configure:15014: c++ -E  conftest.cpp
configure:15014: $? = 0
configure:15028: c++ -E  conftest.cpp
conftest.cpp:27:28: fatal error: ac_nonexistent.h: No such file or directory
 #include <ac_nonexistent.h>
                            ^
compilation terminated.
configure:15028: $? = 1
configure: failed program was:
| /* confdefs.h */
| #define PACKAGE_NAME "gtk+"
| #define PACKAGE_TARNAME "gtk+"
| #define PACKAGE_VERSION "3.18.9"
| #define PACKAGE_STRING "gtk+ 3.18.9"
| #define PACKAGE_BUGREPORT "http://bugzilla.gnome.org/enter_bug.cgi?product=gtk%2B"
| #define PACKAGE_URL ""
| #define GETTEXT_PACKAGE "gtk30"
| #define STDC_HEADERS 1
| #define HAVE_SYS_TYPES_H 1
| #define HAVE_SYS_STAT_H 1
| #define HAVE_STDLIB_H 1
| #define HAVE_STRING_H 1
| #define HAVE_MEMORY_H 1
| #define HAVE_STRINGS_H 1
| #define HAVE_INTTYPES_H 1
| #define HAVE_STDINT_H 1
| #define HAVE_UNISTD_H 1
| #define __EXTENSIONS__ 1
| #define _ALL_SOURCE 1
| #define _GNU_SOURCE 1
| #define _POSIX_PTHREAD_SEMANTICS 1
| #define _TANDEM_SOURCE 1
| #define HAVE_DLFCN_H 1
| #define LT_OBJDIR ".libs/"
| /* end confdefs.h.  */
| #include <ac_nonexistent.h>
configure:15190: checking for ld used by c++
configure:15257: result: /usr/bin/ld -m elf_x86_64
configure:15264: checking if the linker (/usr/bin/ld -m elf_x86_64) is GNU ld
configure:15279: result: yes
configure:15334: checking whether the c++ linker (/usr/bin/ld -m elf_x86_64) supports shared libraries
configure:16407: result: yes
configure:16443: c++ -c -g -O2  conftest.cpp >&5
configure:16446: $? = 0
configure:16927: checking for c++ option to produce PIC
configure:16934: result: -fPIC -DPIC
configure:16942: checking if c++ PIC flag -fPIC -DPIC works
configure:16960: c++ -c -g -O2  -fPIC -DPIC -DPIC conftest.cpp >&5
configure:16964: $? = 0
configure:16977: result: yes
configure:17000: checking if c++ static flag -static works
configure:17028: result: yes
configure:17040: checking if c++ supports -c -o file.o
configure:17061: c++ -c -g -O2  -o out/conftest2.o conftest.cpp >&5
configure:17065: $? = 0
configure:17087: result: yes
configure:17092: checking if c++ supports -c -o file.o
configure:17139: result: yes
configure:17169: checking whether the c++ linker (/usr/bin/ld -m elf_x86_64) supports shared libraries
configure:17209: result: yes
configure:17350: checking dynamic linker characteristics
configure:18098: result: GNU/Linux ld.so
configure:18163: checking how to hardcode library paths into programs
configure:18188: result: immediate
configure:18251: creating ./config.lt

## ------------------ ##
## Running config.lt. ##
## ------------------ ##
config.lt:684: creating libtool
configure:19816: checking for special C compiler options needed for large files
configure:19861: result: no
configure:19867: checking for _FILE_OFFSET_BITS value needed for large files
configure:19892: gcc -c -g -O2  conftest.c >&5
configure:19892: $? = 0
configure:19924: result: no
configure:20019: checking dependency style of gcc
configure:20128: result: gcc3
configure:20189: checking for nm
configure:20219: result: /usr/bin/nm -B
configure:20242: checking for some Win32 platform
configure:20252: result: no
configure:20639: checking for shm_open in -lrt
configure:20664: gcc -o conftest -g -O2   conftest.c -lrt   >&5
configure:20664: $? = 0
configure:20673: result: yes
configure:20685: checking for posix_fallocate
configure:20685: gcc -o conftest -g -O2   conftest.c  >&5
configure:20685: $? = 0
configure:20685: result: yes
configure:20775: checking for pkg-config
configure:20793: found /usr/bin/pkg-config
configure:20805: result: /usr/bin/pkg-config
configure:20830: checking pkg-config is at least version 0.9.0
configure:20833: result: yes
configure:20846: checking for wayland-scanner
configure:20877: result: no
configure:20886: $PKG_CONFIG --exists --print-errors "$WAYLAND_DEPENDENCIES"
Package wayland-client was not found in the pkg-config search path.
Perhaps you should add the directory containing `wayland-client.pc'
to the PKG_CONFIG_PATH environment variable
No package 'wayland-client' found
Package xkbcommon was not found in the pkg-config search path.
Perhaps you should add the directory containing `xkbcommon.pc'
to the PKG_CONFIG_PATH environment variable
No package 'xkbcommon' found
Package wayland-cursor was not found in the pkg-config search path.
Perhaps you should add the directory containing `wayland-cursor.pc'
to the PKG_CONFIG_PATH environment variable
No package 'wayland-cursor' found
Package wayland-egl was not found in the pkg-config search path.
Perhaps you should add the directory containing `wayland-egl.pc'
to the PKG_CONFIG_PATH environment variable
No package 'wayland-egl' found
configure:20889: $? = 1
configure:20895: checking for WAYLAND_DEPENDENCIES
configure:20902: result: no
configure:21051: checking whether build environment is sane
configure:21106: result: yes
configure:21185: checking for BASE_DEPENDENCIES
configure:21192: $PKG_CONFIG --exists --print-errors "glib-2.0 >= 2.45.8    atk >= 2.15.1    pango >= 1.37.3    cairo >= 1.14.0    cairo-gobject >= 1.14.0    gdk-pixbuf-2.0 >= 2.30.0"
Package glib-2.0 was not found in the pkg-config search path.
Perhaps you should add the directory containing `glib-2.0.pc'
to the PKG_CONFIG_PATH environment variable
No package 'glib-2.0' found
Package atk was not found in the pkg-config search path.
Perhaps you should add the directory containing `atk.pc'
to the PKG_CONFIG_PATH environment variable
No package 'atk' found
Package pango was not found in the pkg-config search path.
Perhaps you should add the directory containing `pango.pc'
to the PKG_CONFIG_PATH environment variable
No package 'pango' found
Package cairo was not found in the pkg-config search path.
Perhaps you should add the directory containing `cairo.pc'
to the PKG_CONFIG_PATH environment variable
No package 'cairo' found
Package cairo-gobject was not found in the pkg-config search path.
Perhaps you should add the directory containing `cairo-gobject.pc'
to the PKG_CONFIG_PATH environment variable
No package 'cairo-gobject' found
Package gdk-pixbuf-2.0 was not found in the pkg-config search path.
Perhaps you should add the directory containing `gdk-pixbuf-2.0.pc'
to the PKG_CONFIG_PATH environment variable
No package 'gdk-pixbuf-2.0' found
configure:21195: $? = 1
configure:21209: $PKG_CONFIG --exists --print-errors "glib-2.0 >= 2.45.8    atk >= 2.15.1    pango >= 1.37.3    cairo >= 1.14.0    cairo-gobject >= 1.14.0    gdk-pixbuf-2.0 >= 2.30.0"
Package glib-2.0 was not found in the pkg-config search path.
Perhaps you should add the directory containing `glib-2.0.pc'
to the PKG_CONFIG_PATH environment variable
No package 'glib-2.0' found
Package atk was not found in the pkg-config search path.
Perhaps you should add the directory containing `atk.pc'
to the PKG_CONFIG_PATH environment variable
No package 'atk' found
Package pango was not found in the pkg-config search path.
Perhaps you should add the directory containing `pango.pc'
to the PKG_CONFIG_PATH environment variable
No package 'pango' found
Package cairo was not found in the pkg-config search path.
Perhaps you should add the directory containing `cairo.pc'
to the PKG_CONFIG_PATH environment variable
No package 'cairo' found
Package cairo-gobject was not found in the pkg-config search path.
Perhaps you should add the directory containing `cairo-gobject.pc'
to the PKG_CONFIG_PATH environment variable
No package 'cairo-gobject' found
Package gdk-pixbuf-2.0 was not found in the pkg-config search path.
Perhaps you should add the directory containing `gdk-pixbuf-2.0.pc'
to the PKG_CONFIG_PATH environment variable
No package 'gdk-pixbuf-2.0' found
configure:21212: $? = 1
configure:21226: result: no
No package 'glib-2.0' found
No package 'atk' found
No package 'pango' found
No package 'cairo' found
No package 'cairo-gobject' found
No package 'gdk-pixbuf-2.0' found
configure:21242: error: Package requirements (glib-2.0 >= 2.45.8    atk >= 2.15.1    pango >= 1.37.3    cairo >= 1.14.0    cairo-gobject >= 1.14.0    gdk-pixbuf-2.0 >= 2.30.0) were not met:

No package 'glib-2.0' found
No package 'atk' found
No package 'pango' found
No package 'cairo' found
No package 'cairo-gobject' found
No package 'gdk-pixbuf-2.0' found

Consider adjusting the PKG_CONFIG_PATH environment variable if you
installed software in a non-standard prefix.

Alternatively, you may set the environment variables BASE_DEPENDENCIES_CFLAGS
and BASE_DEPENDENCIES_LIBS to avoid the need to call pkg-config.
See the pkg-config man page for more details.

## ---------------- ##
## Cache variables. ##
## ---------------- ##

ac_cv_build=x86_64-unknown-linux-gnu
ac_cv_build_prog_CPP='gcc -E'
ac_cv_build_prog_cc_g=yes
ac_cv_c_compiler_gnu=yes
ac_cv_cxx_compiler_gnu=yes
ac_cv_env_ATK_CFLAGS_set=
ac_cv_env_ATK_CFLAGS_value=
ac_cv_env_ATK_LIBS_set=
ac_cv_env_ATK_LIBS_value=
ac_cv_env_BASE_DEPENDENCIES_CFLAGS_set=
ac_cv_env_BASE_DEPENDENCIES_CFLAGS_value=
ac_cv_env_BASE_DEPENDENCIES_LIBS_set=
ac_cv_env_BASE_DEPENDENCIES_LIBS_value=
ac_cv_env_CAIRO_BACKEND_CFLAGS_set=
ac_cv_env_CAIRO_BACKEND_CFLAGS_value=
ac_cv_env_CAIRO_BACKEND_LIBS_set=
ac_cv_env_CAIRO_BACKEND_LIBS_value=
ac_cv_env_CAIRO_CFLAGS_set=
ac_cv_env_CAIRO_CFLAGS_value=
ac_cv_env_CAIRO_LIBS_set=
ac_cv_env_CAIRO_LIBS_value=
ac_cv_env_CCASFLAGS_set=
ac_cv_env_CCASFLAGS_value=
ac_cv_env_CCAS_set=
ac_cv_env_CCAS_value=
ac_cv_env_CCC_set=
ac_cv_env_CCC_value=
ac_cv_env_CC_set=
ac_cv_env_CC_value=
ac_cv_env_CFLAGS_set=
ac_cv_env_CFLAGS_value=
ac_cv_env_COLORD_CFLAGS_set=
ac_cv_env_COLORD_CFLAGS_value=
ac_cv_env_COLORD_LIBS_set=
ac_cv_env_COLORD_LIBS_value=
ac_cv_env_CPPFLAGS_set=
ac_cv_env_CPPFLAGS_value=
ac_cv_env_CPP_set=
ac_cv_env_CPP_value=
ac_cv_env_CXXCPP_set=
ac_cv_env_CXXCPP_value=
ac_cv_env_CXXFLAGS_set=
ac_cv_env_CXXFLAGS_value=
ac_cv_env_CXX_set=
ac_cv_env_CXX_value=
ac_cv_env_GDK_DEP_CFLAGS_set=
ac_cv_env_GDK_DEP_CFLAGS_value=
ac_cv_env_GDK_DEP_LIBS_set=
ac_cv_env_GDK_DEP_LIBS_value=
ac_cv_env_GMODULE_CFLAGS_set=
ac_cv_env_GMODULE_CFLAGS_value=
ac_cv_env_GMODULE_LIBS_set=
ac_cv_env_GMODULE_LIBS_value=
ac_cv_env_GTKDOC_DEPS_CFLAGS_set=
ac_cv_env_GTKDOC_DEPS_CFLAGS_value=
ac_cv_env_GTKDOC_DEPS_LIBS_set=
ac_cv_env_GTKDOC_DEPS_LIBS_value=
ac_cv_env_GTK_DEP_CFLAGS_set=
ac_cv_env_GTK_DEP_CFLAGS_value=
ac_cv_env_GTK_DEP_LIBS_set=
ac_cv_env_GTK_DEP_LIBS_value=
ac_cv_env_JSON_GLIB_CFLAGS_set=
ac_cv_env_JSON_GLIB_CFLAGS_value=
ac_cv_env_JSON_GLIB_LIBS_set=
ac_cv_env_JSON_GLIB_LIBS_value=
ac_cv_env_LDFLAGS_set=
ac_cv_env_LDFLAGS_value=
ac_cv_env_LIBS_set=
ac_cv_env_LIBS_value=
ac_cv_env_LT_SYS_LIBRARY_PATH_set=
ac_cv_env_LT_SYS_LIBRARY_PATH_value=
ac_cv_env_PKG_CONFIG_FOR_BUILD_set=
ac_cv_env_PKG_CONFIG_FOR_BUILD_value=
ac_cv_env_PKG_CONFIG_LIBDIR_set=
ac_cv_env_PKG_CONFIG_LIBDIR_value=
ac_cv_env_PKG_CONFIG_PATH_set=
ac_cv_env_PKG_CONFIG_PATH_value=
ac_cv_env_PKG_CONFIG_set=
ac_cv_env_PKG_CONFIG_value=
ac_cv_env_REST_CFLAGS_set=
ac_cv_env_REST_CFLAGS_value=
ac_cv_env_REST_LIBS_set=
ac_cv_env_REST_LIBS_value=
ac_cv_env_XMKMF_set=
ac_cv_env_XMKMF_value=
ac_cv_env_build_alias_set=
ac_cv_env_build_alias_value=
ac_cv_env_host_alias_set=
ac_cv_env_host_alias_value=
ac_cv_env_target_alias_set=
ac_cv_env_target_alias_value=
ac_cv_func_posix_fallocate=yes
ac_cv_header_dlfcn_h=yes
ac_cv_header_inttypes_h=yes
ac_cv_header_memory_h=yes
ac_cv_header_minix_config_h=no
ac_cv_header_stdc=yes
ac_cv_header_stdint_h=yes
ac_cv_header_stdlib_h=yes
ac_cv_header_string_h=yes
ac_cv_header_strings_h=yes
ac_cv_header_sys_stat_h=yes
ac_cv_header_sys_types_h=yes
ac_cv_header_unistd_h=yes
ac_cv_host=x86_64-unknown-linux-gnu
ac_cv_lib_rt_shm_open=yes
ac_cv_objext=o
ac_cv_path_EGREP='/bin/grep -E'
ac_cv_path_FGREP='/bin/grep -F'
ac_cv_path_GREP=/bin/grep
ac_cv_path_SED=/bin/sed
ac_cv_path_WAYLAND_SCANNER=no
ac_cv_path_ac_pt_NM='/usr/bin/nm -B'
ac_cv_path_ac_pt_PKG_CONFIG=/usr/bin/pkg-config
ac_cv_path_install='/usr/bin/install -c'
ac_cv_path_lt_DD=/bin/dd
ac_cv_path_mkdir=/bin/mkdir
ac_cv_prog_AWK=mawk
ac_cv_prog_CPP='gcc -E'
ac_cv_prog_CXXCPP='c++ -E'
ac_cv_prog_ac_ct_AR=ar
ac_cv_prog_ac_ct_CC=gcc
ac_cv_prog_ac_ct_CC_FOR_BUILD=gcc
ac_cv_prog_ac_ct_CXX=c++
ac_cv_prog_ac_ct_MANIFEST_TOOL=mt
ac_cv_prog_ac_ct_OBJDUMP=objdump
ac_cv_prog_ac_ct_RANLIB=ranlib
ac_cv_prog_ac_ct_STRIP=strip
ac_cv_prog_cc_c89=
ac_cv_prog_cc_g=yes
ac_cv_prog_cc_gcc_c_o=yes
ac_cv_prog_cxx_g=yes
ac_cv_prog_make_make_set=yes
ac_cv_safe_to_define___extensions__=yes
ac_cv_sys_file_offset_bits=no
ac_cv_sys_largefile_CC=no
am_cv_CCAS_dependencies_compiler_type=gcc3
am_cv_CC_dependencies_compiler_type=gcc3
am_cv_CXX_dependencies_compiler_type=gcc3
am_cv_make_support_nested_variables=yes
am_cv_prog_cc_c_o=yes
am_cv_prog_tar_ustar=gnutar
lt_cv_ar_at_file=@
lt_cv_archive_cmds_need_lc=no
lt_cv_deplibs_check_method=pass_all
lt_cv_file_magic_cmd='$MAGIC_CMD'
lt_cv_file_magic_test_file=
lt_cv_ld_reload_flag=-r
lt_cv_nm_interface='BSD nm'
lt_cv_objdir=.libs
lt_cv_path_LD=/usr/bin/ld
lt_cv_path_LDCXX='/usr/bin/ld -m elf_x86_64'
lt_cv_path_NM='/usr/bin/nm -B'
lt_cv_path_mainfest_tool=no
lt_cv_prog_compiler_c_o=yes
lt_cv_prog_compiler_c_o_CXX=yes
lt_cv_prog_compiler_pic='-fPIC -DPIC'
lt_cv_prog_compiler_pic_CXX='-fPIC -DPIC'
lt_cv_prog_compiler_pic_works=yes
lt_cv_prog_compiler_pic_works_CXX=yes
lt_cv_prog_compiler_rtti_exceptions=no
lt_cv_prog_compiler_static_works=yes
lt_cv_prog_compiler_static_works_CXX=yes
lt_cv_prog_gnu_ld=yes
lt_cv_prog_gnu_ldcxx=yes
lt_cv_sharedlib_from_linklib_cmd='printf %s\n'
lt_cv_shlibpath_overrides_runpath=yes
lt_cv_sys_global_symbol_pipe='sed -n -e '\''s/^.*[	 ]\([ABCDGIRSTW][ABCDGIRSTW]*\)[	 ][	 ]*\([_A-Za-z][_A-Za-z0-9]*\)$/\1 \2 \2/p'\'' | sed '\''/ __gnu_lto/d'\'''
lt_cv_sys_global_symbol_to_c_name_address='sed -n -e '\''s/^: \(.*\) .*$/  {"\1", (void *) 0},/p'\'' -e '\''s/^[ABCDGIRSTW][ABCDGIRSTW]* .* \(.*\)$/  {"\1", (void *) \&\1},/p'\'''
lt_cv_sys_global_symbol_to_c_name_address_lib_prefix='sed -n -e '\''s/^: \(.*\) .*$/  {"\1", (void *) 0},/p'\'' -e '\''s/^[ABCDGIRSTW][ABCDGIRSTW]* .* \(lib.*\)$/  {"\1", (void *) \&\1},/p'\'' -e '\''s/^[ABCDGIRSTW][ABCDGIRSTW]* .* \(.*\)$/  {"lib\1", (void *) \&\1},/p'\'''
lt_cv_sys_global_symbol_to_cdecl='sed -n -e '\''s/^T .* \(.*\)$/extern int \1();/p'\'' -e '\''s/^[ABCDGIRSTW][ABCDGIRSTW]* .* \(.*\)$/extern char \1;/p'\'''
lt_cv_sys_global_symbol_to_import=
lt_cv_sys_max_cmd_len=1572864
lt_cv_to_host_file_cmd=func_convert_file_noop
lt_cv_to_tool_file_cmd=func_convert_file_noop
lt_cv_truncate_bin='/bin/dd bs=4096 count=1'

## ----------------- ##
## Output variables. ##
## ----------------- ##

ACLOCAL='${SHELL} /home/bitnami/tyi/gtk+-3.18.9/build-aux/missing aclocal-1.15'
AMDEPBACKSLASH='\'
AMDEP_FALSE='#'
AMDEP_TRUE=''
AMTAR='$${TAR-tar}'
AM_BACKSLASH='\'
AM_DEFAULT_V='$(AM_DEFAULT_VERBOSITY)'
AM_DEFAULT_VERBOSITY='0'
AM_V='$(V)'
AR='ar'
AS='as'
ATK_CFLAGS=''
ATK_LIBS=''
ATK_PREFIX=''
ATK_REQUIRED_VERSION='2.15.1'
AUTOCONF='${SHELL} /home/bitnami/tyi/gtk+-3.18.9/build-aux/missing autoconf'
AUTOHEADER='${SHELL} /home/bitnami/tyi/gtk+-3.18.9/build-aux/missing autoheader'
AUTOMAKE='${SHELL} /home/bitnami/tyi/gtk+-3.18.9/build-aux/missing automake-1.15'
AWK='mawk'
BASE_DEPENDENCIES_CFLAGS=''
BASE_DEPENDENCIES_LIBS=''
BUILDOPT_INSTALL_TESTS_FALSE=''
BUILDOPT_INSTALL_TESTS_TRUE='#'
BUILD_DYNAMIC_MODULES_FALSE=''
BUILD_DYNAMIC_MODULES_TRUE=''
BUILD_EXEEXT=''
BUILD_OBJEXT=''
CAIRO_BACKEND_CFLAGS=''
CAIRO_BACKEND_LIBS=''
CAIRO_CFLAGS=''
CAIRO_LIBS=''
CAIRO_PREFIX=''
CAIRO_REQUIRED_VERSION='1.14.0'
CATALOGS=''
CATOBJEXT=''
CC='gcc'
CCAS='gcc'
CCASDEPMODE='depmode=gcc3'
CCASFLAGS='-g -O2'
CCDEPMODE='depmode=gcc3'
CC_FOR_BUILD='gcc'
CFLAGS='-g -O2 -Wall'
CFLAGS_FOR_BUILD='-g -O2'
COLORD_CFLAGS=''
COLORD_LIBS=''
CPP='gcc -E'
CPPFLAGS=''
CPPFLAGS_FOR_BUILD=''
CPP_FOR_BUILD='gcc -E'
CROSS_COMPILING_FALSE=''
CROSS_COMPILING_TRUE=''
CUPS_API_MAJOR=''
CUPS_API_MINOR=''
CUPS_CFLAGS=''
CUPS_CONFIG=''
CUPS_LIBS=''
CXX='c++'
CXXCPP='c++ -E'
CXXDEPMODE='depmode=gcc3'
CXXFLAGS='-g -O2'
CYGPATH_W='echo'
DATADIRNAME=''
DEFS=''
DEPDIR='.deps'
DISABLE_EXPLICIT_DEPS_FALSE=''
DISABLE_EXPLICIT_DEPS_TRUE=''
DISABLE_ON_QUARTZ=''
DISABLE_ON_W32=''
DLLTOOL='false'
DSYMUTIL=''
DUMPBIN=''
ECHO_C=''
ECHO_N='-n'
ECHO_T=''
EGREP='/bin/grep -E'
ENABLE_DOC_CROSS_REFERENCES_FALSE=''
ENABLE_DOC_CROSS_REFERENCES_TRUE=''
ENABLE_GTK_DOC_FALSE=''
ENABLE_GTK_DOC_TRUE=''
ENABLE_MAN_FALSE=''
ENABLE_MAN_TRUE=''
ENABLE_ON_X11=''
EXEEXT=''
EXE_MANIFEST_ARCHITECTURE='X86'
FGREP='/bin/grep -F'
GAIL_INET_LIBS=''
GAIL_LT_CURRENT_MINUS_AGE='0'
GAIL_LT_VERSION_INFO='0:0:0'
GDK_BACKENDS='x11'
GDK_DEP_CFLAGS=''
GDK_DEP_LIBS=''
GDK_EXTRA_CFLAGS=''
GDK_EXTRA_LIBS=''
GDK_HIDDEN_VISIBILITY_CFLAGS=''
GDK_PACKAGES=''
GDK_PIXBUF_LIBS=''
GDK_PIXBUF_REQUIRED_VERSION='2.30.0'
GDK_PRIVATE_PACKAGES=''
GETTEXT_PACKAGE='gtk30'
GLIB_CFLAGS=''
GLIB_CFLAGS_FOR_BUILD=''
GLIB_COMPILE_RESOURCES=''
GLIB_COMPILE_SCHEMAS=''
GLIB_GENMARSHAL=''
GLIB_LIBS=''
GLIB_LIBS_FOR_BUILD=''
GLIB_MKENUMS=''
GLIB_PREFIX=''
GLIB_REQUIRED_VERSION='2.45.8'
GMODULE_CFLAGS=''
GMODULE_LIBS=''
GMOFILES=''
GMSGFMT=''
GOBJECT_QUERY=''
GREP='/bin/grep'
GSETTINGS_DISABLE_SCHEMAS_COMPILE=''
GSETTINGS_RULES=''
GTKDOC_CHECK=''
GTKDOC_CHECK_PATH=''
GTKDOC_DEPS_CFLAGS=''
GTKDOC_DEPS_LIBS=''
GTKDOC_MKPDF=''
GTKDOC_REBASE=''
GTK_API_VERSION='3.0'
GTK_BINARY_AGE='1809'
GTK_BINARY_VERSION='3.0.0'
GTK_DEBUG_FLAGS='-DG_ENABLE_DEBUG -DG_DISABLE_CAST_CHECKS -DGLIB_MIN_REQUIRED_VERSION=GLIB_VERSION_2_44 -DGLIB_MAX_ALLOWED_VERSION=GLIB_VERSION_2_46'
GTK_DEP_CFLAGS=''
GTK_DEP_LIBS=''
GTK_DOC_BUILD_HTML_FALSE=''
GTK_DOC_BUILD_HTML_TRUE=''
GTK_DOC_BUILD_PDF_FALSE=''
GTK_DOC_BUILD_PDF_TRUE=''
GTK_DOC_USE_LIBTOOL_FALSE=''
GTK_DOC_USE_LIBTOOL_TRUE=''
GTK_DOC_USE_REBASE_FALSE=''
GTK_DOC_USE_REBASE_TRUE=''
GTK_EXTRA_CFLAGS=''
GTK_EXTRA_LIBS=''
GTK_INTERFACE_AGE='9'
GTK_LINK_FLAGS=''
GTK_MAJOR_VERSION='3'
GTK_MICRO_VERSION='9'
GTK_MINOR_VERSION='18'
GTK_PACKAGES=''
GTK_PRINT_BACKENDS=''
GTK_PRIVATE_PACKAGES=''
GTK_VERSION='3.18.9'
GTK_XIM_FLAGS=''
HAVE_CLOUDPRINT_FALSE=''
HAVE_CLOUDPRINT_TRUE=''
HAVE_COLORD_FALSE=''
HAVE_COLORD_TRUE=''
HAVE_CUPS_FALSE=''
HAVE_CUPS_TRUE=''
HAVE_CXX_FALSE='#'
HAVE_CXX_TRUE=''
HAVE_GTK_DOC_FALSE=''
HAVE_GTK_DOC_TRUE=''
HAVE_HTTP_AUTHSTRING=''
HAVE_INCLUDED_IMMMODULES_FALSE=''
HAVE_INCLUDED_IMMMODULES_TRUE=''
HAVE_INTROSPECTION_FALSE=''
HAVE_INTROSPECTION_TRUE=''
HAVE_OBJC_FALSE=''
HAVE_OBJC_TRUE='#'
HAVE_PAPI_FALSE=''
HAVE_PAPI_TRUE=''
HTML_DIR=''
INCLUDED_IMMODULE_DEFINE=''
INCLUDED_IMMODULE_OBJ=''
INCLUDE_IM_AM_ET_FALSE=''
INCLUDE_IM_AM_ET_TRUE=''
INCLUDE_IM_BROADWAY_FALSE=''
INCLUDE_IM_BROADWAY_TRUE=''
INCLUDE_IM_CEDILLA_FALSE=''
INCLUDE_IM_CEDILLA_TRUE=''
INCLUDE_IM_CYRILLIC_TRANSLIT_FALSE=''
INCLUDE_IM_CYRILLIC_TRANSLIT_TRUE=''
INCLUDE_IM_IME_FALSE=''
INCLUDE_IM_IME_TRUE=''
INCLUDE_IM_INUKTITUT_FALSE=''
INCLUDE_IM_INUKTITUT_TRUE=''
INCLUDE_IM_IPA_FALSE=''
INCLUDE_IM_IPA_TRUE=''
INCLUDE_IM_MULTIPRESS_FALSE=''
INCLUDE_IM_MULTIPRESS_TRUE=''
INCLUDE_IM_QUARTZ_FALSE=''
INCLUDE_IM_QUARTZ_TRUE=''
INCLUDE_IM_THAI_FALSE=''
INCLUDE_IM_THAI_TRUE=''
INCLUDE_IM_TI_ER_FALSE=''
INCLUDE_IM_TI_ER_TRUE=''
INCLUDE_IM_TI_ET_FALSE=''
INCLUDE_IM_TI_ET_TRUE=''
INCLUDE_IM_VIQR_FALSE=''
INCLUDE_IM_VIQR_TRUE=''
INCLUDE_IM_XIM_FALSE=''
INCLUDE_IM_XIM_TRUE=''
INSTALL_DATA='${INSTALL} -m 644'
INSTALL_PROGRAM='${INSTALL}'
INSTALL_SCRIPT='${INSTALL}'
INSTALL_STRIP_PROGRAM='$(install_sh) -c -s'
INSTOBJEXT=''
INTLLIBS=''
INTROSPECTION_CFLAGS=''
INTROSPECTION_COMPILER=''
INTROSPECTION_GENERATE=''
INTROSPECTION_GIRDIR=''
INTROSPECTION_LIBS=''
INTROSPECTION_MAKEFILE=''
INTROSPECTION_REQUIRED_VERSION='1.39.0'
INTROSPECTION_SCANNER=''
INTROSPECTION_TYPELIBDIR=''
JSON_GLIB_CFLAGS=''
JSON_GLIB_LIBS=''
LD='/usr/bin/ld -m elf_x86_64'
LDFLAGS=''
LDFLAGS_FOR_BUILD=''
LIBOBJS=''
LIBS=''
LIBTOOL='$(SHELL) $(top_builddir)/libtool'
LIB_EXE_MACHINE_FLAG='X86'
LIPO=''
LN_S='ln -s'
LTLIBOBJS=''
LT_CURRENT_MINUS_AGE='0'
LT_SYS_LIBRARY_PATH=''
LT_VERSION_INFO='1800:9:1800'
MAINT=''
MAINTAINER_MODE_FALSE='#'
MAINTAINER_MODE_TRUE=''
MAKEINFO='${SHELL} /home/bitnami/tyi/gtk+-3.18.9/build-aux/missing makeinfo'
MANIFEST_TOOL=':'
MATH_LIB='-lm'
MKDIR_P='/bin/mkdir -p'
MKINSTALLDIRS=''
MSGFMT=''
MSGFMT_OPTS=''
MS_LIB_AVAILABLE_FALSE=''
MS_LIB_AVAILABLE_TRUE='#'
NM='/usr/bin/nm -B'
NMEDIT=''
OBJDUMP='objdump'
OBJEXT='o'
OS_DARWIN_FALSE=''
OS_DARWIN_TRUE='#'
OS_LINUX_FALSE='#'
OS_LINUX_TRUE=''
OS_UNIX_FALSE='#'
OS_UNIX_TRUE=''
OS_WIN32_FALSE=''
OS_WIN32_TRUE='#'
OTOOL64=''
OTOOL=''
PACKAGE='gtk+'
PACKAGE_BUGREPORT='http://bugzilla.gnome.org/enter_bug.cgi?product=gtk%2B'
PACKAGE_NAME='gtk+'
PACKAGE_STRING='gtk+ 3.18.9'
PACKAGE_TARNAME='gtk+'
PACKAGE_URL=''
PACKAGE_VERSION='3.18.9'
PANGO_PREFIX=''
PANGO_REQUIRED_VERSION='1.37.3'
PATH_SEPARATOR=':'
PERL=''
PKG_CONFIG='/usr/bin/pkg-config'
PKG_CONFIG_FOR_BUILD=''
PKG_CONFIG_LIBDIR=''
PKG_CONFIG_PATH=''
PLATFORM_WIN32_FALSE=''
PLATFORM_WIN32_TRUE='#'
POFILES=''
POSUB=''
PO_IN_DATADIR_FALSE=''
PO_IN_DATADIR_TRUE=''
RANLIB='ranlib'
REST_CFLAGS=''
REST_LIBS=''
SED='/bin/sed'
SET_MAKE=''
SHELL='/bin/bash'
SHM_LIBS='-lrt'
STRIP='strip'
TEST_PRINT_BACKEND_FALSE=''
TEST_PRINT_BACKEND_TRUE=''
USE_BROADWAY_FALSE=''
USE_BROADWAY_TRUE='#'
USE_MIR_FALSE=''
USE_MIR_TRUE='#'
USE_NLS=''
USE_QUARTZ_FALSE=''
USE_QUARTZ_TRUE='#'
USE_WAYLAND_FALSE=''
USE_WAYLAND_TRUE='#'
USE_WIN32_FALSE=''
USE_WIN32_TRUE='#'
USE_X11_FALSE=''
USE_X11_TRUE=''
VERSION='3.18.9'
WAYLAND_SCANNER='no'
WINDRES=''
XGETTEXT=''
XMKMF=''
XMLCATALOG=''
XML_CATALOG_FILE=''
XSLTPROC=''
X_CFLAGS=''
X_EXTRA_LIBS=''
X_LIBS=''
X_PRE_LIBS=''
ac_ct_AR='ar'
ac_ct_CC='gcc'
ac_ct_CC_FOR_BUILD='gcc'
ac_ct_CXX='c++'
ac_ct_DUMPBIN=''
am__EXEEXT_FALSE=''
am__EXEEXT_TRUE=''
am__fastdepCCAS_FALSE='#'
am__fastdepCCAS_TRUE=''
am__fastdepCC_FALSE='#'
am__fastdepCC_TRUE=''
am__fastdepCXX_FALSE='#'
am__fastdepCXX_TRUE=''
am__include='include'
am__isrc=''
am__leading_dot='.'
am__nodep='_no'
am__quote=''
am__tar='tar --format=ustar -chf - "$$tardir"'
am__untar='tar -xf -'
bindir='${exec_prefix}/bin'
build='x86_64-unknown-linux-gnu'
build_alias=''
build_cpu='x86_64'
build_os='linux-gnu'
build_vendor='unknown'
datadir='${datarootdir}'
datarootdir='${prefix}/share'
docdir='${datarootdir}/doc/${PACKAGE_TARNAME}'
dvidir='${docdir}'
exec_prefix='NONE'
gsettingsschemadir=''
host='x86_64-unknown-linux-gnu'
host_alias=''
host_cpu='x86_64'
host_os='linux-gnu'
host_vendor='unknown'
htmldir='${docdir}'
includedir='${prefix}/include'
infodir='${datarootdir}/info'
install_sh='${SHELL} /home/bitnami/tyi/gtk+-3.18.9/build-aux/install-sh'
libdir='${exec_prefix}/lib'
libexecdir='${exec_prefix}/libexec'
localedir='${datarootdir}/locale'
localstatedir='${prefix}/var'
mandir='${datarootdir}/man'
mkdir_p='$(MKDIR_P)'
ms_librarian=''
oldincludedir='/usr/include'
pdfdir='${docdir}'
prefix='/opt/gtk'
program_transform_name='s,x,x,'
psdir='${docdir}'
sbindir='${exec_prefix}/sbin'
sharedstatedir='${prefix}/com'
sysconfdir='${prefix}/etc'
target_alias=''

## ----------- ##
## confdefs.h. ##
## ----------- ##

/* confdefs.h */
#define PACKAGE_NAME "gtk+"
#define PACKAGE_TARNAME "gtk+"
#define PACKAGE_VERSION "3.18.9"
#define PACKAGE_STRING "gtk+ 3.18.9"
#define PACKAGE_BUGREPORT "http://bugzilla.gnome.org/enter_bug.cgi?product=gtk%2B"
#define PACKAGE_URL ""
#define GETTEXT_PACKAGE "gtk30"
#define STDC_HEADERS 1
#define HAVE_SYS_TYPES_H 1
#define HAVE_SYS_STAT_H 1
#define HAVE_STDLIB_H 1
#define HAVE_STRING_H 1
#define HAVE_MEMORY_H 1
#define HAVE_STRINGS_H 1
#define HAVE_INTTYPES_H 1
#define HAVE_STDINT_H 1
#define HAVE_UNISTD_H 1
#define __EXTENSIONS__ 1
#define _ALL_SOURCE 1
#define _GNU_SOURCE 1
#define _POSIX_PTHREAD_SEMANTICS 1
#define _TANDEM_SOURCE 1
#define HAVE_DLFCN_H 1
#define LT_OBJDIR ".libs/"
#define HAVE_POSIX_FALLOCATE 1

configure: exit 1
